<?xml version="1.0" encoding="utf-8"?><testsuite errors="0" failures="0" name="pytest" skipped="0" tests="13" time="3.680"><testcase classname="Test.test_Account.TestAccount" file="Test/test_Account.py" line="11" name="test_noAuthenticated" time="0.479"></testcase><testcase classname="Test.test_Account.TestAccount" file="Test/test_Account.py" line="15" name="test_authenticated" time="0.159"></testcase><testcase classname="Test.test_Account.TestAccount" file="Test/test_Account.py" line="19" name="test_register" time="0.303"></testcase><testcase classname="Test.test_Account.TestAccount" file="Test/test_Account.py" line="29" name="test_register_no_user_name" time="0.156"></testcase><testcase classname="Test.test_Account.TestAccount" file="Test/test_Account.py" line="39" name="test_register_no_user_password" time="0.156"></testcase><testcase classname="Test.test_Account.TestAccount" file="Test/test_Account.py" line="49" name="test_login" time="0.276"><system-out>Here
cesar
</system-out></testcase><testcase classname="Test.test_Account.TestAccount" file="Test/test_Account.py" line="56" name="test_login_wrong_username" time="0.282"><system-out>Here
</system-out></testcase><testcase classname="Test.test_Account.TestAccount" file="Test/test_Account.py" line="63" name="test_login_wrong_password" time="0.305"><system-out>Here
</system-out></testcase><testcase classname="Test.test_Account.TestAccount" file="Test/test_Account.py" line="70" name="test_login_wrong_credentials" time="0.284"><system-out>Here
</system-out></testcase><testcase classname="Test.test_Files.TestFiles" file="Test/test_Files.py" line="53" name="test_PostAudioFileMp3" time="0.183"><system-out>1
./Files/user_1/2f27725b-1716-4572-bf1b-1e9282d6c3ca.mp3
cesar
&lt;QueryDict: {&apos;Type&apos;: [&apos;1&apos;], &apos;Name&apos;: [&apos;Tes1&apos;], &apos;Content&apos;: [&lt;TemporaryUploadedFile: AudioTestFile1.mp3 (audio/mp3)&gt;]}&gt;
1
./Files/user_1/fc482702-e6d2-4d76-ac24-4fb2f1d37e0d.mp3
</system-out></testcase><testcase classname="Test.test_Files.TestFiles" file="Test/test_Files.py" line="71" name="test_GetAudioFileList" time="0.162"><system-out>1
./Files/user_1/d8fc1867-aa12-4889-9460-926b8ffed0a9.mp3
</system-out></testcase><testcase classname="Test.test_Files.TestFiles" file="Test/test_Files.py" line="84" name="test_GetAudioFileByID" time="0.158"><system-out>1
./Files/user_1/d9973976-aabe-40e4-94b0-36dcd70f9f69.mp3
ID
</system-out></testcase><testcase classname="Test.test_Files.TestFiles" file="Test/test_Files.py" line="96" name="test_DeleteAudioFileByID" time="0.164"><system-out>1
./Files/user_1/acadcb22-cee4-4b77-b847-22bf35ba0422.mp3
</system-out></testcase></testsuite>